%!Adobe-FontList 1.23
%Locale:0x409

%BeginFont
Handler:DirectoryHandler
FontType:Invalid
OutlineFileName:/Users/alinaosika/Library/CloudStorage/OneDrive-Colostate/!Resources/Find Your Energy/Toolkit/FindYourEnergy_Toolkit/Brand Art/Document fonts/AdobeFnt23.lst
FileLength:3367
FileModTime:718910070
%EndFont

%BeginFont
Handler:DirectoryHandler
FontType:TrueType
FontName:Poppins-Bold
FamilyName:Poppins
StyleName:Bold
MenuName:Poppins
StyleBits:2
WeightClass:700
WidthClass:5
AngleClass:0
FullName:Poppins Bold
WritingScript:Roman
OutlineFileName:/Users/alinaosika/Library/CloudStorage/OneDrive-Colostate/!Resources/Find Your Energy/Toolkit/FindYourEnergy_Toolkit/Brand Art/Document fonts/Poppins-Bold.ttf
DataFormat:sfntData
hasSVG:no
hasCOLR:no
VariableFontType:NonVariableFont
FileLength:153900
FileModTime:455004000
NameArray:0,Win,1,Poppins
%EndFont

%BeginFont
Handler:DirectoryHandler
FontType:TrueType
FontName:Poppins-Italic
FamilyName:Poppins
StyleName:Italic
MenuName:Poppins
StyleBits:1
WeightClass:400
WidthClass:5
AngleClass:1
FullName:Poppins Italic
WritingScript:Roman
OutlineFileName:/Users/alinaosika/Library/CloudStorage/OneDrive-Colostate/!Resources/Find Your Energy/Toolkit/FindYourEnergy_Toolkit/Brand Art/Document fonts/Poppins-Italic.ttf
DataFormat:sfntData
hasSVG:no
hasCOLR:no
VariableFontType:NonVariableFont
FileLength:181972
FileModTime:455004000
NameArray:0,Win,1,Poppins
%EndFont

%BeginFont
Handler:DirectoryHandler
FontType:TrueType
FontName:Poppins-Medium
FamilyName:Poppins
StyleName:Medium
MenuName:Poppins Medium
StyleBits:0
WeightClass:500
WidthClass:5
AngleClass:0
FullName:Poppins Medium
WritingScript:Roman
OutlineFileName:/Users/alinaosika/Library/CloudStorage/OneDrive-Colostate/!Resources/Find Your Energy/Toolkit/FindYourEnergy_Toolkit/Brand Art/Document fonts/Poppins-Medium.ttf
DataFormat:sfntData
hasSVG:no
hasCOLR:no
VariableFontType:NonVariableFont
FileLength:156480
FileModTime:455004000
NameArray:0,Win,1,Poppins Medium
NameArray:0,Win,16,Poppins
%EndFont

%BeginFont
Handler:DirectoryHandler
FontType:TrueType
FontName:Poppins-Regular
FamilyName:Poppins
StyleName:Regular
MenuName:Poppins
StyleBits:0
WeightClass:400
WidthClass:5
AngleClass:0
FullName:Poppins Regular
WritingScript:Roman
OutlineFileName:/Users/alinaosika/Library/CloudStorage/OneDrive-Colostate/!Resources/Find Your Energy/Toolkit/FindYourEnergy_Toolkit/Brand Art/Document fonts/Poppins-Regular.ttf
DataFormat:sfntData
hasSVG:no
hasCOLR:no
VariableFontType:NonVariableFont
FileLength:158192
FileModTime:455004000
NameArray:0,Win,1,Poppins
%EndFont

%BeginFont
Handler:DirectoryHandler
FontType:TrueType
FontName:Poppins-SemiBold
FamilyName:Poppins
StyleName:SemiBold
MenuName:Poppins SemiBold
StyleBits:0
WeightClass:600
WidthClass:5
AngleClass:0
FullName:Poppins SemiBold
WritingScript:Roman
OutlineFileName:/Users/alinaosika/Library/CloudStorage/OneDrive-Colostate/!Resources/Find Your Energy/Toolkit/FindYourEnergy_Toolkit/Brand Art/Document fonts/Poppins-SemiBold.ttf
DataFormat:sfntData
hasSVG:no
hasCOLR:no
VariableFontType:NonVariableFont
FileLength:155192
FileModTime:455004000
NameArray:0,Win,1,Poppins SemiBold
NameArray:0,Win,16,Poppins
%EndFont

